/* Start up: 7/28/2018 3:58:29 AM */

[7/28/2018 3:58:33 AM] [Program.initializeStartup] » Map ID [46] its already in the dictionary, maybe some duplicate (?)
[7/28/2018 3:58:33 AM] [Program.initializeStartup] » Map ID [22] its already in the dictionary, maybe some duplicate (?)
[7/28/2018 3:58:33 AM] [Program.initializeStartup] » Map ID [80] its already in the dictionary, maybe some duplicate (?)
[7/28/2018 3:58:33 AM] [Program.initializeStartup] » Map ID [89] its already in the dictionary, maybe some duplicate (?)
[7/28/2018 3:58:33 AM] [Program.initializeStartup] » Map ID [27] its already in the dictionary, maybe some duplicate (?)
[7/28/2018 3:58:33 AM] [Program.initializeStartup] » Map ID [44] its already in the dictionary, maybe some duplicate (?)
[7/28/2018 3:58:33 AM] [Program.initializeStartup] » Map ID [71] its already in the dictionary, maybe some duplicate (?)
[7/28/2018 10:28:13 AM] [User.ReceiveData] » [DEBUG] Sliman No TCP Client - kick out
[7/28/2018 12:05:00 PM] [User.ReceiveData] » [DEBUG] dezert No TCP Client - kick out
[7/28/2018 12:23:13 PM] [User.ReceiveData] » [DEBUG] BuminKagan No TCP Client - kick out
[7/28/2018 2:13:02 PM] [User.ReceiveData] » kaysu22 tried to delete CJ02 but he haven't it!
[7/28/2018 4:09:37 PM] [User.ReceiveData] » [DEBUG] Katana No TCP Client - kick out
[7/28/2018 4:24:36 PM] [User.ReceiveData] » [DEBUG] MrSnap No TCP Client - kick out
[7/28/2018 5:14:39 PM] [User.ReceiveData] » Unknown Clan Subtype 16
[7/28/2018 5:20:58 PM] [User.ReceiveData] » [DEBUG] Sliman No TCP Client - kick out
[7/28/2018 6:51:18 PM] [User.ReceiveData] » [DEBUG] MrSnap No TCP Client - kick out
[7/28/2018 7:51:12 PM] [User.ReceiveData] » [DEBUG] MrSnap No TCP Client - kick out
[7/28/2018 8:42:04 PM] [User.ReceiveData] » Unknown Clan Subtype 16
[7/28/2018 8:42:05 PM] [User.ReceiveData] » Unknown Clan Subtype 16
[7/28/2018 9:21:29 PM] [User.ReceiveData] » [DEBUG] MrSnap No TCP Client - kick out
[7/28/2018 10:59:13 PM] [User.ReceiveData] » dezert tried to delete CC02 but he haven't it!
[7/28/2018 10:59:15 PM] [User.ReceiveData] » dezert tried to delete CI01 but he haven't it!
[7/28/2018 11:11:53 PM] [User.ReceiveData] » [DEBUG] MrSnap No TCP Client - kick out
[7/29/2018 12:00:50 AM] [ExecutionContext.RunInternal] » Daily reset done at 00:00:50 - 29/07/2018
[7/29/2018 4:30:42 AM] [User.ReceiveData] » 6IX9INE tried to equip DC_M4A1_DESERT in the slot 7 [NOT ALLOWED!]
[7/29/2018 4:30:59 AM] [User.ReceiveData] » 6IX9INE tried to equip DG_AW50F_DESERT in the class 3 [NOT ALLOWED!]
[7/29/2018 4:32:52 AM] [User.ReceiveData] » 6IX9INE tried to equip DG_AW50F_DESERT in the class 3 [NOT ALLOWED!]
[7/29/2018 4:33:03 AM] [User.ReceiveData] » 6IX9INE tried to equip DC_M4A1_DESERT in the slot 7 [NOT ALLOWED!]
[7/29/2018 7:11:24 AM] [User.ReceiveData] » Unknown Clan Subtype 16
[7/29/2018 7:11:26 AM] [User.ReceiveData] » Unknown Clan Subtype 16
[7/29/2018 12:23:26 PM] [User.ReceiveData] » [DEBUG] Sliman No TCP Client - kick out
[7/29/2018 12:52:20 PM] [User.ReceiveData] » [DEBUG] MrSnap No TCP Client - kick out
[7/29/2018 12:53:36 PM] [User.ReceiveData] » [DEBUG] Katana No TCP Client - kick out
[7/29/2018 1:27:52 PM] [User.ReceiveData] » Unknown Clan Subtype 16
[7/29/2018 2:07:31 PM] [User.ReceiveData] » [DEBUG] Katana No TCP Client - kick out
[7/29/2018 2:45:46 PM] [User.ReceiveData] » [DEBUG] MrSnap No TCP Client - kick out
[7/29/2018 4:23:41 PM] [User.ReceiveData] » [DEBUG] Sliman No TCP Client - kick out
[7/29/2018 4:52:24 PM] [User.ReceiveData] » [DEBUG] KatanaWR No TCP Client - kick out
[7/29/2018 7:05:44 PM] [User.ReceiveData] » xDaylight tried to equip DG_AW50F_DESERT in the class 3 [NOT ALLOWED!]
[7/29/2018 7:11:06 PM] [User.ReceiveData] » xDaylight tried to equip DG_VSS_BlackShark in the slot 7 [NOT ALLOWED!]
[7/29/2018 10:31:57 PM] [User.ReceiveData] » [DEBUG] mrxd No TCP Client - kick out
[7/29/2018 11:02:49 PM] [ExecutionContext.RunInternal] » Error at update:Index was outside the bounds of the array.    at Game_Server.Room.EndGame() in C:\Users\Administrator\Desktop\Server\Game Server\Room\Room.cs:line 366
   at Game_Server.Room.update() in C:\Users\Administrator\Desktop\Server\Game Server\Room\Room.cs:line 1980
[7/29/2018 11:09:30 PM] [User.ReceiveData] » [DEBUG] Sleman No TCP Client - kick out
[7/30/2018 12:00:44 AM] [ExecutionContext.RunInternal] » Daily reset done at 00:00:44 - 30/07/2018
[7/30/2018 12:20:08 AM] [User.ReceiveData] » [DEBUG] MrSnap No TCP Client - kick out
[7/30/2018 1:20:48 AM] [User.ReceiveData] » User Skill hasn't DB04
[7/30/2018 2:00:03 AM] [ExecutionContext.RunInternal] » Error at update:Index was outside the bounds of the array.    at Game_Server.Room.EndGame() in C:\Users\Administrator\Desktop\Server\Game Server\Room\Room.cs:line 366
   at Game_Server.Room.update() in C:\Users\Administrator\Desktop\Server\Game Server\Room\Room.cs:line 1980
