/* Start up: 12/18/2018 8:38:20 AM */

[12/18/2018 8:38:23 AM] [Program.initializeStartup] » Map ID [46] its already in the dictionary, maybe some duplicate (?)
[12/18/2018 8:38:23 AM] [Program.initializeStartup] » Map ID [22] its already in the dictionary, maybe some duplicate (?)
[12/18/2018 8:38:23 AM] [Program.initializeStartup] » Map ID [80] its already in the dictionary, maybe some duplicate (?)
[12/18/2018 8:38:23 AM] [Program.initializeStartup] » Map ID [89] its already in the dictionary, maybe some duplicate (?)
[12/18/2018 8:38:23 AM] [Program.initializeStartup] » Map ID [27] its already in the dictionary, maybe some duplicate (?)
[12/18/2018 8:38:23 AM] [Program.initializeStartup] » Map ID [44] its already in the dictionary, maybe some duplicate (?)
[12/18/2018 8:38:23 AM] [Program.initializeStartup] » Map ID [71] its already in the dictionary, maybe some duplicate (?)
[12/18/2018 8:38:28 AM] [User.ReceiveData] » Error parsing user information for user kevinthegod
[12/18/2018 8:38:28 AM] [User.ReceiveData] » System.OverflowException: Value was either too large or too small for an Int32.
   at System.Number.ParseInt32(String s, NumberStyles style, NumberFormatInfo info)
   at System.Convert.ToInt32(String value)
   at Game_Server.Game.CP_CharacterInfo.Handle(User usr) in C:\Users\Administrator\Desktop\Server\Game Server\Game\CharacterInfo.cs:line 39
/* Start up: 12/18/2018 8:38:57 AM */

[12/18/2018 8:38:59 AM] [Program.initializeStartup] » Map ID [46] its already in the dictionary, maybe some duplicate (?)
[12/18/2018 8:38:59 AM] [Program.initializeStartup] » Map ID [22] its already in the dictionary, maybe some duplicate (?)
[12/18/2018 8:38:59 AM] [Program.initializeStartup] » Map ID [80] its already in the dictionary, maybe some duplicate (?)
[12/18/2018 8:38:59 AM] [Program.initializeStartup] » Map ID [89] its already in the dictionary, maybe some duplicate (?)
[12/18/2018 8:38:59 AM] [Program.initializeStartup] » Map ID [27] its already in the dictionary, maybe some duplicate (?)
[12/18/2018 8:38:59 AM] [Program.initializeStartup] » Map ID [44] its already in the dictionary, maybe some duplicate (?)
[12/18/2018 8:38:59 AM] [Program.initializeStartup] » Map ID [71] its already in the dictionary, maybe some duplicate (?)
[12/19/2018 12:00:11 AM] [ExecutionContext.RunInternal] » Daily reset done at 00:00:11 - 19/12/2018
[12/19/2018 7:52:22 AM] [User.ReceiveData] » Unknown Clan Subtype 16
[12/20/2018 12:00:31 AM] [ExecutionContext.RunInternal] » Daily reset done at 00:00:31 - 20/12/2018
[12/21/2018 12:00:58 AM] [ExecutionContext.RunInternal] » Daily reset done at 00:00:58 - 21/12/2018
[12/22/2018 12:00:37 AM] [ExecutionContext.RunInternal] » Daily reset done at 00:00:37 - 22/12/2018
[12/23/2018 12:00:57 AM] [ExecutionContext.RunInternal] » Daily reset done at 00:00:57 - 23/12/2018
[12/24/2018 12:00:19 AM] [ExecutionContext.RunInternal] » Daily reset done at 00:00:19 - 24/12/2018
[12/25/2018 12:00:53 AM] [ExecutionContext.RunInternal] » Daily reset done at 00:00:53 - 25/12/2018
[12/26/2018 12:00:17 AM] [ExecutionContext.RunInternal] » Daily reset done at 00:00:17 - 26/12/2018
[12/27/2018 12:00:43 AM] [ExecutionContext.RunInternal] » Daily reset done at 00:00:43 - 27/12/2018
[12/28/2018 12:00:02 AM] [ExecutionContext.RunInternal] » Daily reset done at 00:00:02 - 28/12/2018
[12/29/2018 12:00:24 AM] [ExecutionContext.RunInternal] » Daily reset done at 00:00:24 - 29/12/2018
[12/29/2018 5:08:13 PM] [User.ReceiveData] » [DEBUG] Katana No TCP Client - kick out
[12/30/2018 12:00:41 AM] [ExecutionContext.RunInternal] » Daily reset done at 00:00:41 - 30/12/2018
[12/31/2018 12:00:00 AM] [ExecutionContext.RunInternal] » Daily reset done at 00:00:00 - 31/12/2018
[1/1/2019 12:00:28 AM] [ExecutionContext.RunInternal] » Daily reset done at 00:00:28 - 01/01/2019
[1/2/2019 12:00:47 AM] [ExecutionContext.RunInternal] » Daily reset done at 00:00:47 - 02/01/2019
[1/3/2019 12:00:08 AM] [ExecutionContext.RunInternal] » Daily reset done at 00:00:08 - 03/01/2019
[1/3/2019 8:13:42 PM] [User.ReceiveData] » [DEBUG] Dexter30 No TCP Client - kick out
[1/3/2019 8:30:56 PM] [User.ReceiveData] » radwanakrm tried to login with wrong ticket id!
[1/3/2019 8:30:57 PM] [User.ReceiveData] » [DEBUG] Katana No TCP Client - kick out
[1/4/2019 12:00:27 AM] [ExecutionContext.RunInternal] » Daily reset done at 00:00:27 - 04/01/2019
[1/4/2019 2:16:07 PM] [User.ReceiveData] » [DEBUG] xJake No TCP Client - kick out
[1/4/2019 2:20:51 PM] [User.ReceiveData] » [DEBUG] MrSnap No TCP Client - kick out
[1/4/2019 2:26:46 PM] [User.ReceiveData] » [DEBUG] Katana No TCP Client - kick out
[1/4/2019 3:38:23 PM] [User.ReceiveData] » [DEBUG] Katana No TCP Client - kick out
[1/4/2019 11:41:16 PM] [User.ReceiveData] » [DEBUG] MrSnap No TCP Client - kick out
[1/5/2019 12:00:46 AM] [ExecutionContext.RunInternal] » Daily reset done at 00:00:46 - 05/01/2019
[1/5/2019 5:33:21 PM] [User.ReceiveData] » [DEBUG] Katana No TCP Client - kick out
[1/5/2019 9:32:14 PM] [User.ReceiveData] » [DEBUG] MrSnap No TCP Client - kick out
[1/6/2019 12:00:06 AM] [ExecutionContext.RunInternal] » Daily reset done at 00:00:06 - 06/01/2019
[1/6/2019 3:15:44 PM] [User.ReceiveData] » [DEBUG] xJake No TCP Client - kick out
[1/6/2019 5:17:33 PM] [User.ReceiveData] » [DEBUG] xJake No TCP Client - kick out
[1/6/2019 5:18:46 PM] [User.ReceiveData] » [DEBUG] MrSnap No TCP Client - kick out
[1/6/2019 5:20:35 PM] [User.ReceiveData] » [DEBUG] Katana No TCP Client - kick out
[1/6/2019 5:49:35 PM] [User.ReceiveData] » [DEBUG] Katana No TCP Client - kick out
[1/7/2019 12:00:28 AM] [ExecutionContext.RunInternal] » Daily reset done at 00:00:28 - 07/01/2019
[1/7/2019 12:54:45 PM] [User.ReceiveData] » [DEBUG] MercyHuntZz No TCP Client - kick out
[1/7/2019 7:50:20 PM] [User.ReceiveData] » [DEBUG] Katana No TCP Client - kick out
[1/8/2019 12:00:53 AM] [ExecutionContext.RunInternal] » Daily reset done at 00:00:53 - 08/01/2019
[1/8/2019 12:09:16 PM] [User.ReceiveData] » [DEBUG] xJake No TCP Client - kick out
[1/8/2019 12:11:52 PM] [User.ReceiveData] » [DEBUG] Katana No TCP Client - kick out
[1/9/2019 12:00:16 AM] [ExecutionContext.RunInternal] » Daily reset done at 00:00:16 - 09/01/2019
[1/9/2019 8:12:20 PM] [User.ReceiveData] » [DEBUG] XLucaITWR No TCP Client - kick out
[1/10/2019 12:00:57 AM] [ExecutionContext.RunInternal] » Daily reset done at 00:00:57 - 10/01/2019
[1/10/2019 7:13:05 PM] [User.ReceiveData] » [DEBUG] XLucaITWR No TCP Client - kick out
[1/11/2019 12:00:21 AM] [ExecutionContext.RunInternal] » Daily reset done at 00:00:21 - 11/01/2019
[1/11/2019 6:44:04 PM] [User.ReceiveData] » [DEBUG] XLucaITWR No TCP Client - kick out
[1/12/2019 12:00:44 AM] [ExecutionContext.RunInternal] » Daily reset done at 00:00:44 - 12/01/2019
[1/13/2019 12:00:04 AM] [ExecutionContext.RunInternal] » Daily reset done at 00:00:04 - 13/01/2019
[1/14/2019 12:00:21 AM] [ExecutionContext.RunInternal] » Daily reset done at 00:00:21 - 14/01/2019
[1/15/2019 12:00:41 AM] [ExecutionContext.RunInternal] » Daily reset done at 00:00:41 - 15/01/2019
[1/16/2019 12:00:03 AM] [ExecutionContext.RunInternal] » Daily reset done at 00:00:03 - 16/01/2019
[1/17/2019 12:00:24 AM] [ExecutionContext.RunInternal] » Daily reset done at 00:00:24 - 17/01/2019
[1/18/2019 12:00:41 AM] [ExecutionContext.RunInternal] » Daily reset done at 00:00:41 - 18/01/2019
[1/18/2019 4:52:31 PM] [User.ReceiveData] » [DEBUG] Millionaire No TCP Client - kick out
[1/18/2019 6:03:57 PM] [User.ReceiveData] » [DEBUG] XLucaITWR No TCP Client - kick out
[1/19/2019 12:00:05 AM] [ExecutionContext.RunInternal] » Daily reset done at 00:00:05 - 19/01/2019
[1/20/2019 12:00:25 AM] [ExecutionContext.RunInternal] » Daily reset done at 00:00:25 - 20/01/2019
[1/21/2019 12:00:47 AM] [ExecutionContext.RunInternal] » Daily reset done at 00:00:47 - 21/01/2019
[1/22/2019 12:00:16 AM] [ExecutionContext.RunInternal] » Daily reset done at 00:00:16 - 22/01/2019
[1/23/2019 12:00:43 AM] [ExecutionContext.RunInternal] » Daily reset done at 00:00:43 - 23/01/2019
[1/24/2019 12:00:10 AM] [ExecutionContext.RunInternal] » Daily reset done at 00:00:10 - 24/01/2019
[1/24/2019 3:10:12 PM] [User.ReceiveData] » [DEBUG] Katana No TCP Client - kick out
[1/25/2019 12:00:34 AM] [ExecutionContext.RunInternal] » Daily reset done at 00:00:34 - 25/01/2019
[1/26/2019 12:00:59 AM] [ExecutionContext.RunInternal] » Daily reset done at 00:00:59 - 26/01/2019
[1/27/2019 12:00:17 AM] [ExecutionContext.RunInternal] » Daily reset done at 00:00:17 - 27/01/2019
[1/27/2019 5:56:16 PM] [User.ReceiveData] » [DEBUG] Katana No TCP Client - kick out
[1/28/2019 12:00:38 AM] [ExecutionContext.RunInternal] » Daily reset done at 00:00:38 - 28/01/2019
[1/29/2019 12:00:59 AM] [ExecutionContext.RunInternal] » Daily reset done at 00:00:59 - 29/01/2019
[1/30/2019 12:00:24 AM] [ExecutionContext.RunInternal] » Daily reset done at 00:00:24 - 30/01/2019
[1/31/2019 12:00:49 AM] [ExecutionContext.RunInternal] » Daily reset done at 00:00:49 - 31/01/2019
[2/1/2019 12:00:06 AM] [ExecutionContext.RunInternal] » Daily reset done at 00:00:06 - 01/02/2019
