/* Start up: 9/11/2018 12:30:56 PM */

[9/11/2018 12:31:01 PM] [Program.initializeStartup] » Map ID [46] its already in the dictionary, maybe some duplicate (?)
[9/11/2018 12:31:01 PM] [Program.initializeStartup] » Map ID [22] its already in the dictionary, maybe some duplicate (?)
[9/11/2018 12:31:01 PM] [Program.initializeStartup] » Map ID [80] its already in the dictionary, maybe some duplicate (?)
[9/11/2018 12:31:01 PM] [Program.initializeStartup] » Map ID [89] its already in the dictionary, maybe some duplicate (?)
[9/11/2018 12:31:01 PM] [Program.initializeStartup] » Map ID [27] its already in the dictionary, maybe some duplicate (?)
[9/11/2018 12:31:01 PM] [Program.initializeStartup] » Map ID [44] its already in the dictionary, maybe some duplicate (?)
[9/11/2018 12:31:01 PM] [Program.initializeStartup] » Map ID [71] its already in the dictionary, maybe some duplicate (?)
[9/11/2018 1:28:27 PM] [User.ReceiveData] » [DEBUG] Astrix No TCP Client - kick out
[9/11/2018 1:42:52 PM] [User.ReceiveData] » [DEBUG] JubeKrz No TCP Client - kick out
[9/11/2018 2:01:28 PM] [User.ReceiveData] » ResTary tried to delete DE81 but he haven't it!
[9/11/2018 2:01:43 PM] [User.ReceiveData] » ResTary tried to delete D821 but he haven't it!
[9/11/2018 2:59:25 PM] [User.ReceiveData] » [DEBUG] JubeKrz No TCP Client - kick out
[9/11/2018 5:29:04 PM] [User.ReceiveData] » [DEBUG] LucaITWarrock No TCP Client - kick out
[9/12/2018 12:00:23 AM] [ExecutionContext.RunInternal] » Daily reset done at 00:00:23 - 12/09/2018
[9/12/2018 4:42:27 PM] [User.ReceiveData] » Genie tried to equip D802 but he haven't it!
[9/13/2018 12:00:03 AM] [ExecutionContext.RunInternal] » Daily reset done at 00:00:03 - 13/09/2018
[9/13/2018 6:13:02 PM] [User.ReceiveData] » [DEBUG] xVampire No TCP Client - kick out
[9/14/2018 12:00:43 AM] [ExecutionContext.RunInternal] » Daily reset done at 00:00:43 - 14/09/2018
[9/14/2018 11:44:48 PM] [User.ReceiveData] » [DEBUG] JubeKrz No TCP Client - kick out
[9/15/2018 12:00:19 AM] [ExecutionContext.RunInternal] » Daily reset done at 00:00:19 - 15/09/2018
[9/15/2018 9:55:11 AM] [User.ReceiveData] » [DEBUG] JubeKrz No TCP Client - kick out
[9/15/2018 2:00:18 PM] [User.ReceiveData] » [DEBUG] xVampire No TCP Client - kick out
[9/15/2018 2:23:48 PM] [User.ReceiveData] » xVampire tried to delete CZ83 but he haven't it!
[9/15/2018 2:26:07 PM] [User.ReceiveData] » Unknown Clan Subtype 16
[9/15/2018 2:26:09 PM] [User.ReceiveData] » Unknown Clan Subtype 16
[9/15/2018 2:26:09 PM] [User.ReceiveData] » Unknown Clan Subtype 16
[9/15/2018 2:26:09 PM] [User.ReceiveData] » Unknown Clan Subtype 16
[9/15/2018 4:21:54 PM] [User.ReceiveData] » Unknown Clan Subtype 16
[9/15/2018 7:47:17 PM] [User.ReceiveData] » [DEBUG] MrSnap No TCP Client - kick out
[9/16/2018 12:00:49 AM] [ExecutionContext.RunInternal] » Daily reset done at 00:00:49 - 16/09/2018
[9/16/2018 11:18:01 AM] [User.ReceiveData] » [DEBUG] xVampire No TCP Client - kick out
[9/16/2018 3:17:57 PM] [User.ReceiveData] » [DEBUG] MrSnap No TCP Client - kick out
[9/16/2018 6:49:11 PM] [User.ReceiveData] » [DEBUG] Katana No TCP Client - kick out
[9/16/2018 6:49:43 PM] [User.ReceiveData] » Unknown Clan Subtype 16
[9/16/2018 6:55:12 PM] [User.ReceiveData] » Katana tried to delete DH12 but he haven't it!
[9/16/2018 6:55:33 PM] [User.ReceiveData] » Katana tried to delete DF35 but he haven't it!
[9/16/2018 6:55:35 PM] [User.ReceiveData] » Katana tried to delete GF11 but he haven't it!
[9/16/2018 6:55:36 PM] [User.ReceiveData] » Katana tried to delete GF18 but he haven't it!
[9/16/2018 6:55:38 PM] [User.ReceiveData] » Katana tried to delete GF25 but he haven't it!
[9/16/2018 6:55:53 PM] [User.ReceiveData] » Katana tried to delete DM05 but he haven't it!
[9/16/2018 6:56:16 PM] [User.ReceiveData] » Katana tried to delete D605 but he haven't it!
[9/16/2018 7:51:57 PM] [User.ReceiveData] » [DEBUG] Perfect No TCP Client - kick out
[9/17/2018 12:00:20 AM] [ExecutionContext.RunInternal] » Daily reset done at 00:00:20 - 17/09/2018
[9/17/2018 7:09:19 PM] [User.ReceiveData] » [DEBUG] MrSnap No TCP Client - kick out
[9/18/2018 12:00:55 AM] [ExecutionContext.RunInternal] » Daily reset done at 00:00:55 - 18/09/2018
[9/18/2018 8:04:43 PM] [User.ReceiveData] » [DEBUG] D4ru No TCP Client - kick out
[9/19/2018 12:00:30 AM] [ExecutionContext.RunInternal] » Daily reset done at 00:00:30 - 19/09/2018
[9/19/2018 3:21:21 PM] [User.ReceiveData] » [DEBUG] Perfect No TCP Client - kick out
[9/20/2018 12:00:11 AM] [ExecutionContext.RunInternal] » Daily reset done at 00:00:11 - 20/09/2018
[9/21/2018 12:00:51 AM] [ExecutionContext.RunInternal] » Daily reset done at 00:00:51 - 21/09/2018
[9/21/2018 3:59:04 PM] [User.ReceiveData] » [DEBUG] nikoboy No TCP Client - kick out
[9/21/2018 10:42:34 PM] [User.ReceiveData] » [DEBUG] nikoboy No TCP Client - kick out
[9/22/2018 12:00:30 AM] [ExecutionContext.RunInternal] » Daily reset done at 00:00:30 - 22/09/2018
[9/22/2018 6:53:19 PM] [User.ReceiveData] » [DEBUG] Perfect No TCP Client - kick out
[9/22/2018 7:42:47 PM] [User.ReceiveData] » [DEBUG] Perfect No TCP Client - kick out
[9/23/2018 12:00:02 AM] [ExecutionContext.RunInternal] » Daily reset done at 00:00:02 - 23/09/2018
[9/24/2018 12:00:28 AM] [ExecutionContext.RunInternal] » Daily reset done at 00:00:28 - 24/09/2018
[9/25/2018 12:00:04 AM] [ExecutionContext.RunInternal] » Daily reset done at 00:00:04 - 25/09/2018
[9/26/2018 12:00:32 AM] [ExecutionContext.RunInternal] » Daily reset done at 00:00:32 - 26/09/2018
[9/26/2018 3:18:09 PM] [User.ReceiveData] » Broken tried to delete BJ1C but he haven't it!
[9/26/2018 3:18:09 PM] [User.ReceiveData] » Broken tried to delete BJ1C but he haven't it!
[9/27/2018 12:00:00 AM] [ExecutionContext.RunInternal] » Daily reset done at 00:00:00 - 27/09/2018
[9/28/2018 12:00:49 AM] [ExecutionContext.RunInternal] » Daily reset done at 00:00:49 - 28/09/2018
[9/29/2018 12:00:25 AM] [ExecutionContext.RunInternal] » Daily reset done at 00:00:25 - 29/09/2018
[9/30/2018 12:00:55 AM] [ExecutionContext.RunInternal] » Daily reset done at 00:00:55 - 30/09/2018
