/* Start up: 8/2/2018 4:28:19 PM */

[8/2/2018 4:28:26 PM] [Program.initializeStartup] » Map ID [46] its already in the dictionary, maybe some duplicate (?)
[8/2/2018 4:28:26 PM] [Program.initializeStartup] » Map ID [22] its already in the dictionary, maybe some duplicate (?)
[8/2/2018 4:28:26 PM] [Program.initializeStartup] » Map ID [80] its already in the dictionary, maybe some duplicate (?)
[8/2/2018 4:28:26 PM] [Program.initializeStartup] » Map ID [89] its already in the dictionary, maybe some duplicate (?)
[8/2/2018 4:28:26 PM] [Program.initializeStartup] » Map ID [27] its already in the dictionary, maybe some duplicate (?)
[8/2/2018 4:28:26 PM] [Program.initializeStartup] » Map ID [44] its already in the dictionary, maybe some duplicate (?)
[8/2/2018 4:28:26 PM] [Program.initializeStartup] » Map ID [71] its already in the dictionary, maybe some duplicate (?)
/* Start up: 8/2/2018 4:35:55 PM */

[8/2/2018 4:36:01 PM] [Program.initializeStartup] » Map ID [46] its already in the dictionary, maybe some duplicate (?)
[8/2/2018 4:36:01 PM] [Program.initializeStartup] » Map ID [22] its already in the dictionary, maybe some duplicate (?)
[8/2/2018 4:36:01 PM] [Program.initializeStartup] » Map ID [80] its already in the dictionary, maybe some duplicate (?)
[8/2/2018 4:36:01 PM] [Program.initializeStartup] » Map ID [89] its already in the dictionary, maybe some duplicate (?)
[8/2/2018 4:36:01 PM] [Program.initializeStartup] » Map ID [27] its already in the dictionary, maybe some duplicate (?)
[8/2/2018 4:36:01 PM] [Program.initializeStartup] » Map ID [44] its already in the dictionary, maybe some duplicate (?)
[8/2/2018 4:36:01 PM] [Program.initializeStartup] » Map ID [71] its already in the dictionary, maybe some duplicate (?)
/* Start up: 8/2/2018 4:41:20 PM */

[8/2/2018 4:41:25 PM] [Program.initializeStartup] » Map ID [46] its already in the dictionary, maybe some duplicate (?)
[8/2/2018 4:41:25 PM] [Program.initializeStartup] » Map ID [22] its already in the dictionary, maybe some duplicate (?)
[8/2/2018 4:41:25 PM] [Program.initializeStartup] » Map ID [80] its already in the dictionary, maybe some duplicate (?)
[8/2/2018 4:41:25 PM] [Program.initializeStartup] » Map ID [89] its already in the dictionary, maybe some duplicate (?)
[8/2/2018 4:41:25 PM] [Program.initializeStartup] » Map ID [27] its already in the dictionary, maybe some duplicate (?)
[8/2/2018 4:41:25 PM] [Program.initializeStartup] » Map ID [44] its already in the dictionary, maybe some duplicate (?)
[8/2/2018 4:41:25 PM] [Program.initializeStartup] » Map ID [71] its already in the dictionary, maybe some duplicate (?)
/* Start up: 8/2/2018 4:53:37 PM */

/* Start up: 8/2/2018 4:54:47 PM */

[8/2/2018 4:54:51 PM] [Program.initializeStartup] » Map ID [46] its already in the dictionary, maybe some duplicate (?)
[8/2/2018 4:54:51 PM] [Program.initializeStartup] » Map ID [22] its already in the dictionary, maybe some duplicate (?)
[8/2/2018 4:54:51 PM] [Program.initializeStartup] » Map ID [80] its already in the dictionary, maybe some duplicate (?)
[8/2/2018 4:54:51 PM] [Program.initializeStartup] » Map ID [89] its already in the dictionary, maybe some duplicate (?)
[8/2/2018 4:54:51 PM] [Program.initializeStartup] » Map ID [27] its already in the dictionary, maybe some duplicate (?)
[8/2/2018 4:54:51 PM] [Program.initializeStartup] » Map ID [44] its already in the dictionary, maybe some duplicate (?)
[8/2/2018 4:54:51 PM] [Program.initializeStartup] » Map ID [71] its already in the dictionary, maybe some duplicate (?)
/* Start up: 8/2/2018 5:02:24 PM */

[8/2/2018 5:02:30 PM] [Program.initializeStartup] » Map ID [46] its already in the dictionary, maybe some duplicate (?)
[8/2/2018 5:02:30 PM] [Program.initializeStartup] » Map ID [22] its already in the dictionary, maybe some duplicate (?)
[8/2/2018 5:02:30 PM] [Program.initializeStartup] » Map ID [80] its already in the dictionary, maybe some duplicate (?)
[8/2/2018 5:02:30 PM] [Program.initializeStartup] » Map ID [89] its already in the dictionary, maybe some duplicate (?)
[8/2/2018 5:02:30 PM] [Program.initializeStartup] » Map ID [27] its already in the dictionary, maybe some duplicate (?)
[8/2/2018 5:02:30 PM] [Program.initializeStartup] » Map ID [44] its already in the dictionary, maybe some duplicate (?)
[8/2/2018 5:02:30 PM] [Program.initializeStartup] » Map ID [71] its already in the dictionary, maybe some duplicate (?)
[8/2/2018 5:11:10 PM] [User.ReceiveData] » [DEBUG] [MOD]Submarine No TCP Client - kick out
/* Start up: 8/2/2018 5:19:42 PM */

[8/2/2018 5:19:47 PM] [Program.initializeStartup] » Map ID [46] its already in the dictionary, maybe some duplicate (?)
[8/2/2018 5:19:47 PM] [Program.initializeStartup] » Map ID [22] its already in the dictionary, maybe some duplicate (?)
[8/2/2018 5:19:47 PM] [Program.initializeStartup] » Map ID [80] its already in the dictionary, maybe some duplicate (?)
[8/2/2018 5:19:47 PM] [Program.initializeStartup] » Map ID [89] its already in the dictionary, maybe some duplicate (?)
[8/2/2018 5:19:47 PM] [Program.initializeStartup] » Map ID [27] its already in the dictionary, maybe some duplicate (?)
[8/2/2018 5:19:47 PM] [Program.initializeStartup] » Map ID [44] its already in the dictionary, maybe some duplicate (?)
[8/2/2018 5:19:47 PM] [Program.initializeStartup] » Map ID [71] its already in the dictionary, maybe some duplicate (?)
[8/2/2018 5:31:24 PM] [ExecutionContext.RunInternal] » Error at update:Index was outside the bounds of the array.    at Game_Server.Room.EndGame() in C:\Users\Administrator\Desktop\Server\Game Server\Room\Room.cs:line 366
   at Game_Server.Room.update() in C:\Users\Administrator\Desktop\Server\Game Server\Room\Room.cs:line 1980
/* Start up: 8/2/2018 5:32:36 PM */

[8/2/2018 5:32:41 PM] [Program.initializeStartup] » Map ID [46] its already in the dictionary, maybe some duplicate (?)
[8/2/2018 5:32:41 PM] [Program.initializeStartup] » Map ID [22] its already in the dictionary, maybe some duplicate (?)
[8/2/2018 5:32:41 PM] [Program.initializeStartup] » Map ID [80] its already in the dictionary, maybe some duplicate (?)
[8/2/2018 5:32:41 PM] [Program.initializeStartup] » Map ID [89] its already in the dictionary, maybe some duplicate (?)
[8/2/2018 5:32:41 PM] [Program.initializeStartup] » Map ID [27] its already in the dictionary, maybe some duplicate (?)
[8/2/2018 5:32:41 PM] [Program.initializeStartup] » Map ID [44] its already in the dictionary, maybe some duplicate (?)
[8/2/2018 5:32:41 PM] [Program.initializeStartup] » Map ID [71] its already in the dictionary, maybe some duplicate (?)
/* Start up: 8/2/2018 5:34:33 PM */

[8/2/2018 5:34:37 PM] [Program.initializeStartup] » Map ID [46] its already in the dictionary, maybe some duplicate (?)
[8/2/2018 5:34:37 PM] [Program.initializeStartup] » Map ID [22] its already in the dictionary, maybe some duplicate (?)
[8/2/2018 5:34:37 PM] [Program.initializeStartup] » Map ID [80] its already in the dictionary, maybe some duplicate (?)
[8/2/2018 5:34:37 PM] [Program.initializeStartup] » Map ID [89] its already in the dictionary, maybe some duplicate (?)
[8/2/2018 5:34:37 PM] [Program.initializeStartup] » Map ID [27] its already in the dictionary, maybe some duplicate (?)
[8/2/2018 5:34:37 PM] [Program.initializeStartup] » Map ID [44] its already in the dictionary, maybe some duplicate (?)
[8/2/2018 5:34:37 PM] [Program.initializeStartup] » Map ID [71] its already in the dictionary, maybe some duplicate (?)
[8/2/2018 6:53:38 PM] [User.ReceiveData] » Something went wrong while leaving room
[8/2/2018 7:08:59 PM] [TCP_Client.OnReceive] » Unhandled TCP Packet (38) mhmadomar123 1
[8/2/2018 7:22:57 PM] [User.ReceiveData] » [DEBUG] MrSnap No TCP Client - kick out
[8/2/2018 7:22:57 PM] [User.ReceiveData] » [DEBUG] MrSnap No TCP Client - kick out
[8/2/2018 7:28:57 PM] [ExecutionContext.RunInternal] » Error at update:Index was outside the bounds of the array.    at Game_Server.Room.EndGame() in C:\Users\Administrator\Desktop\Server\Game Server\Room\Room.cs:line 366
   at Game_Server.Room.update() in C:\Users\Administrator\Desktop\Server\Game Server\Room\Room.cs:line 1908
[8/2/2018 10:01:12 PM] [User.ReceiveData] » [DEBUG] MrSnap No TCP Client - kick out
[8/2/2018 10:46:19 PM] [User.ReceiveData] » [DEBUG] MrSnap No TCP Client - kick out
[8/3/2018 12:00:52 AM] [ExecutionContext.RunInternal] » Daily reset done at 00:00:52 - 03/08/2018
[8/3/2018 5:36:09 PM] [User.ReceiveData] » [DEBUG] Eliminator No TCP Client - kick out
[8/4/2018 12:00:45 AM] [ExecutionContext.RunInternal] » Daily reset done at 00:00:45 - 04/08/2018
[8/4/2018 2:28:22 AM] [User.ReceiveData] » [DEBUG] gain104 No TCP Client - kick out
[8/4/2018 10:15:31 AM] [User.ReceiveData] » [DEBUG] MrSnap No TCP Client - kick out
[8/4/2018 1:36:06 PM] [User.ReceiveData] » [DEBUG] Corporal No TCP Client - kick out
