/* Start up: 8/4/2018 2:14:26 PM */

[8/4/2018 2:14:31 PM] [Program.initializeStartup] » Map ID [46] its already in the dictionary, maybe some duplicate (?)
[8/4/2018 2:14:31 PM] [Program.initializeStartup] » Map ID [22] its already in the dictionary, maybe some duplicate (?)
[8/4/2018 2:14:31 PM] [Program.initializeStartup] » Map ID [80] its already in the dictionary, maybe some duplicate (?)
[8/4/2018 2:14:31 PM] [Program.initializeStartup] » Map ID [89] its already in the dictionary, maybe some duplicate (?)
[8/4/2018 2:14:31 PM] [Program.initializeStartup] » Map ID [27] its already in the dictionary, maybe some duplicate (?)
[8/4/2018 2:14:31 PM] [Program.initializeStartup] » Map ID [44] its already in the dictionary, maybe some duplicate (?)
[8/4/2018 2:14:31 PM] [Program.initializeStartup] » Map ID [71] its already in the dictionary, maybe some duplicate (?)
[8/4/2018 2:46:48 PM] [ExecutionContext.RunInternal] » Error at update:Index was outside the bounds of the array.    at Game_Server.Room.EndGame() in C:\Users\Administrator\Desktop\Server\Game Server\Room\Room.cs:line 366
   at Game_Server.Room.update() in C:\Users\Administrator\Desktop\Server\Game Server\Room\Room.cs:line 1988
[8/4/2018 2:46:49 PM] [User.ReceiveData] » [DEBUG] Casper No TCP Client - kick out
[8/4/2018 7:04:43 PM] [User.ReceiveData] » [DEBUG] Specialist No TCP Client - kick out
[8/4/2018 8:44:39 PM] [User.ReceiveData] » Unknown Clan Subtype 16
[8/4/2018 8:44:44 PM] [User.ReceiveData] » Unknown Clan Subtype 16
[8/4/2018 11:00:02 PM] [User.ReceiveData] » [DEBUG] MrSnap No TCP Client - kick out
[8/4/2018 11:17:36 PM] [User.ReceiveData] » [DEBUG] MrSnap No TCP Client - kick out
[8/5/2018 12:00:48 AM] [ExecutionContext.RunInternal] » Daily reset done at 00:00:48 - 05/08/2018
[8/5/2018 12:23:35 PM] [User.ReceiveData] » [DEBUG] Stersh No TCP Client - kick out
[8/5/2018 12:58:21 PM] [User.ReceiveData] » [DEBUG] gian104 No TCP Client - kick out
[8/5/2018 3:16:03 PM] [User.ReceiveData] » [DEBUG] xKash No TCP Client - kick out
[8/5/2018 10:45:27 PM] [User.ReceiveData] » [DEBUG] mhmadomar123 No TCP Client - kick out
[8/6/2018 12:00:32 AM] [ExecutionContext.RunInternal] » Daily reset done at 00:00:32 - 06/08/2018
[8/6/2018 1:08:57 PM] [User.ReceiveData] » [DEBUG] Eliminator No TCP Client - kick out
[8/6/2018 1:27:35 PM] [User.ReceiveData] » [DEBUG] Eliminator No TCP Client - kick out
[8/6/2018 2:46:33 PM] [User.ReceiveData] » kreem2love tried to login with wrong ticket id!
[8/6/2018 3:09:37 PM] [User.ReceiveData] » FieryMan tried to equip DJ93 but he haven't it!
[8/6/2018 3:09:46 PM] [User.ReceiveData] » FieryMan tried to equip DJ93 but he haven't it!
[8/6/2018 3:18:09 PM] [User.ReceiveData] » [DEBUG] MrSnap No TCP Client - kick out
[8/6/2018 3:27:13 PM] [User.ReceiveData] » [DEBUG] MrSnap No TCP Client - kick out
[8/6/2018 4:19:56 PM] [User.ReceiveData] » [DEBUG] Sergeant No TCP Client - kick out
[8/6/2018 4:26:35 PM] [User.ReceiveData] » [DEBUG] Major No TCP Client - kick out
[8/6/2018 4:50:03 PM] [User.ReceiveData] » [DEBUG] Katana No TCP Client - kick out
[8/6/2018 8:07:32 PM] [User.ReceiveData] » Inf1nty5 tried to equip DB_DESERT_EG_Veteran in the slot 6 [NOT ALLOWED!]
[8/6/2018 8:07:39 PM] [User.ReceiveData] » Inf1nty5 tried to equip DB_DESERT_EG_Veteran in the slot 6 [NOT ALLOWED!]
[8/6/2018 9:40:12 PM] [User.ReceiveData] » [DEBUG] theking No TCP Client - kick out
[8/6/2018 10:10:45 PM] [User.ReceiveData] » [DEBUG] dezert No TCP Client - kick out
[8/6/2018 10:47:37 PM] [User.ReceiveData] » [DEBUG] dezert No TCP Client - kick out
[8/7/2018 12:00:48 AM] [ExecutionContext.RunInternal] » Daily reset done at 00:00:48 - 07/08/2018
[8/7/2018 12:54:57 AM] [User.ReceiveData] » tester6 tried to login with wrong ticket id!
[8/7/2018 11:42:26 AM] [User.ReceiveData] » [DEBUG] Delliow No TCP Client - kick out
[8/7/2018 1:10:12 PM] [User.ReceiveData] » [DEBUG] Heim1 No TCP Client - kick out
[8/7/2018 1:16:36 PM] [TCP_Client.OnReceive] » Unhandled TCP Packet (1) Eliminator 0
[8/7/2018 3:05:56 PM] [User.ReceiveData] » [DEBUG] Astrix No TCP Client - kick out
[8/7/2018 3:55:29 PM] [User.ReceiveData] » [DEBUG] dezert No TCP Client - kick out
[8/7/2018 6:17:45 PM] [User.ReceiveData] » alisef tried to login with wrong ticket id!
[8/7/2018 10:15:46 PM] [User.ReceiveData] » [DEBUG] Major No TCP Client - kick out
[8/7/2018 10:24:18 PM] [User.ReceiveData] » Tester2 tried to login with wrong ticket id!
[8/7/2018 10:51:31 PM] [User.ReceiveData] » [DEBUG] Lieutenant No TCP Client - kick out
[8/7/2018 10:58:28 PM] [User.ReceiveData] » [DEBUG] Sergeant No TCP Client - kick out
[8/8/2018 12:00:08 AM] [ExecutionContext.RunInternal] » Daily reset done at 00:00:08 - 08/08/2018
[8/8/2018 1:28:26 AM] [User.ReceiveData] » Heim1 tried to delete DB30 but he haven't it!
[8/8/2018 1:37:49 AM] [User.ReceiveData] » [DEBUG] Heim1 No TCP Client - kick out
[8/8/2018 10:30:43 AM] [User.ReceiveData] » [DEBUG] Katana No TCP Client - kick out
[8/8/2018 12:18:21 PM] [User.ReceiveData] » [DEBUG] D4ngerouSkiller No TCP Client - kick out
[8/8/2018 1:18:58 PM] [User.ReceiveData] » [DEBUG] Connected No TCP Client - kick out
[8/8/2018 2:20:18 PM] [User.ReceiveData] » Heim1 tried to delete CQ13 but he haven't it!
[8/8/2018 2:20:18 PM] [User.ReceiveData] » Heim1 tried to delete CQ17 but he haven't it!
[8/8/2018 2:20:22 PM] [User.ReceiveData] » Heim1 tried to delete CP99 but he haven't it!
[8/8/2018 2:35:18 PM] [User.ReceiveData] » Heim1 tried to delete CQ96 but he haven't it!
[8/8/2018 3:05:41 PM] [User.ReceiveData] » [DEBUG] Delliow No TCP Client - kick out
[8/8/2018 3:27:25 PM] [User.ReceiveData] » [DEBUG] Astrix No TCP Client - kick out
[8/8/2018 3:56:24 PM] [User.ReceiveData] » [DEBUG] Eliminator No TCP Client - kick out
[8/8/2018 4:47:56 PM] [User.ReceiveData] » [DEBUG] Eliminator No TCP Client - kick out
[8/8/2018 5:01:54 PM] [User.ReceiveData] » [DEBUG] radwankingboy No TCP Client - kick out
[8/8/2018 5:41:04 PM] [User.ReceiveData] » Unknown Clan Subtype 16
[8/8/2018 5:59:54 PM] [User.ReceiveData] » Unknown Clan Subtype 16
[8/9/2018 12:00:28 AM] [ExecutionContext.RunInternal] » Daily reset done at 00:00:28 - 09/08/2018
[8/9/2018 12:18:33 AM] [User.ReceiveData] » [DEBUG] D4ngerouSkiller No TCP Client - kick out
[8/9/2018 12:31:09 AM] [User.ReceiveData] » [DEBUG] D4ngerouSkiller No TCP Client - kick out
[8/9/2018 10:26:36 AM] [User.ReceiveData] » [DEBUG] Electriz No TCP Client - kick out
[8/9/2018 1:30:28 PM] [User.ReceiveData] » [DEBUG] Astrix No TCP Client - kick out
[8/9/2018 1:40:37 PM] [User.ReceiveData] » [DEBUG] Eliminator No TCP Client - kick out
[8/9/2018 5:11:49 PM] [User.ReceiveData] » Unknown Clan Subtype 16
[8/10/2018 12:00:45 AM] [ExecutionContext.RunInternal] » Daily reset done at 00:00:45 - 10/08/2018
[8/10/2018 12:05:51 PM] [User.ReceiveData] » [DEBUG] Heim1 No TCP Client - kick out
[8/10/2018 1:10:46 PM] [User.ReceiveData] » [DEBUG] MrSnap No TCP Client - kick out
[8/10/2018 1:26:50 PM] [User.ReceiveData] » Astrix tried to equip BV11 but he hasn't it!
[8/10/2018 1:58:06 PM] [User.ReceiveData] » [DEBUG] neve No TCP Client - kick out
[8/10/2018 2:18:09 PM] [User.ReceiveData] » [DEBUG] Suprime No TCP Client - kick out
[8/10/2018 6:15:59 PM] [User.ReceiveData] » [DEBUG] Heim1 No TCP Client - kick out
[8/10/2018 6:21:00 PM] [User.ReceiveData] » [DEBUG] BloodxDevil No TCP Client - kick out
[8/10/2018 6:59:14 PM] [User.ReceiveData] » Unknown Clan Subtype 16
[8/10/2018 8:41:23 PM] [User.ReceiveData] » [DEBUG] Katana No TCP Client - kick out
[8/10/2018 9:22:23 PM] [User.ReceiveData] » [DEBUG] Heim1 No TCP Client - kick out
[8/10/2018 10:19:09 PM] [User.ReceiveData] » [DEBUG] MrSnap No TCP Client - kick out
[8/10/2018 11:40:17 PM] [User.ReceiveData] » Mohammedsef tried to delete DF47 but he haven't it!
[8/10/2018 11:40:18 PM] [User.ReceiveData] » Mohammedsef tried to delete DF51 but he haven't it!
[8/10/2018 11:40:20 PM] [User.ReceiveData] » Mohammedsef tried to delete DF60 but he haven't it!
[8/11/2018 12:00:24 AM] [ExecutionContext.RunInternal] » Daily reset done at 00:00:24 - 11/08/2018
[8/11/2018 12:56:36 PM] [User.ReceiveData] » [DEBUG] MrSnap No TCP Client - kick out
[8/11/2018 1:39:06 PM] [User.ReceiveData] » [DEBUG] MrSnap No TCP Client - kick out
[8/11/2018 1:39:29 PM] [User.ReceiveData] » [DEBUG] Heim1 No TCP Client - kick out
[8/11/2018 1:58:31 PM] [User.ReceiveData] » A5teShrmota tried to delete DG05 but he haven't it!
[8/11/2018 1:58:32 PM] [User.ReceiveData] » A5teShrmota tried to delete DG52 but he haven't it!
[8/11/2018 1:58:33 PM] [User.ReceiveData] » A5teShrmota tried to delete DG71 but he haven't it!
[8/11/2018 1:58:34 PM] [User.ReceiveData] » A5teShrmota tried to delete DG75 but he haven't it!
[8/11/2018 2:01:59 PM] [User.ReceiveData] » [DEBUG] Astrix No TCP Client - kick out
[8/11/2018 2:50:16 PM] [User.ReceiveData] » [DEBUG] Katana No TCP Client - kick out
[8/11/2018 3:00:50 PM] [User.ReceiveData] » A5teShrmota tried to delete CF02 but he haven't it!
[8/11/2018 4:52:37 PM] [User.ReceiveData] » LucaITWarrock tried to equip BV04 but he hasn't it!
[8/11/2018 5:37:56 PM] [User.ReceiveData] » [DEBUG] Katana No TCP Client - kick out
[8/11/2018 9:11:01 PM] [User.ReceiveData] » [DEBUG] Katana No TCP Client - kick out
